2023-08-06 02:52:52.161903 - Initialized conversion of CBT316
2023-08-06 02:52:54.994914 - Received CBT.V505.FILE316.PDS from FILE316.XMI 
2023-08-06 02:52:54.997291 - Found $$$#DATE.txt (text/plain) in CBT.V505.FILE316.PDS, moved to PDS/$$$#DATE
2023-08-06 02:52:54.998454 - Found $$HIST.txt (text/plain) in CBT.V505.FILE316.PDS, moved to PDS/$$HIST
2023-08-06 02:52:54.998463 - Found $$MACROX.bin containing application/octet-stream, moved to PDS/$$MACROX
2023-08-06 02:52:55.000723 - Found $$PROSE.txt (text/plain) in CBT.V505.FILE316.PDS, moved to PDS/$$PROSE
2023-08-06 02:52:55.001850 - Found @FILE316.txt (text/plain) in CBT.V505.FILE316.PDS, moved to PDS/@FILE316
2023-08-06 02:52:55.002835 - Found ASKOPER.txt (text/plain) in CBT.V505.FILE316.PDS, moved to PDS/ASKOPER
2023-08-06 02:52:55.003848 - Found ASKOPER$.txt (text/plain) in CBT.V505.FILE316.PDS, moved to PDS/ASKOPER$
2023-08-06 02:52:55.004819 - Found ASMBOX1.txt (text/plain) in CBT.V505.FILE316.PDS, moved to PDS/ASMBOX1
2023-08-06 02:52:55.005725 - Found ASMHNOX.txt (text/plain) in CBT.V505.FILE316.PDS, moved to PDS/ASMHNOX
2023-08-06 02:52:55.006647 - Found ASMR90.txt (text/plain) in CBT.V505.FILE316.PDS, moved to PDS/ASMR90
2023-08-06 02:52:55.007656 - Found ASMR90$.txt (text/plain) in CBT.V505.FILE316.PDS, moved to PDS/ASMR90$
2023-08-06 02:52:55.008583 - Found BLOKHD.txt (text/plain) in CBT.V505.FILE316.PDS, moved to PDS/BLOKHD
2023-08-06 02:52:55.009541 - Found BLOKHD$.txt (text/plain) in CBT.V505.FILE316.PDS, moved to PDS/BLOKHD$
2023-08-06 02:52:55.010493 - Found BLOKHF.txt (text/plain) in CBT.V505.FILE316.PDS, moved to PDS/BLOKHF
2023-08-06 02:52:55.011397 - Found BLOKHF$.txt (text/plain) in CBT.V505.FILE316.PDS, moved to PDS/BLOKHF$
2023-08-06 02:52:55.012318 - Found BLOKLTR.txt (text/plain) in CBT.V505.FILE316.PDS, moved to PDS/BLOKLTR
2023-08-06 02:52:55.013254 - Found BLOKLTR$.txt (text/plain) in CBT.V505.FILE316.PDS, moved to PDS/BLOKLTR$
2023-08-06 02:52:55.014123 - Found BLOKPDS.txt (text/plain) in CBT.V505.FILE316.PDS, moved to PDS/BLOKPDS
2023-08-06 02:52:55.015118 - Found BLOKPDS$.txt (text/plain) in CBT.V505.FILE316.PDS, moved to PDS/BLOKPDS$
2023-08-06 02:52:55.016061 - Found CATLIST.txt (text/plain) in CBT.V505.FILE316.PDS, moved to PDS/CATLIST
2023-08-06 02:52:55.016993 - Found CATLIST$.txt (text/plain) in CBT.V505.FILE316.PDS, moved to PDS/CATLIST$
2023-08-06 02:52:55.018077 - Found CATPTPCH.txt (text/plain) in CBT.V505.FILE316.PDS, moved to PDS/CATPTPCH
2023-08-06 02:52:55.019036 - Found COPYFI##.txt (text/plain) in CBT.V505.FILE316.PDS, moved to PDS/COPYFI##
2023-08-06 02:52:55.020031 - Found COPYFIL$.jcl (text/plain) in CBT.V505.FILE316.PDS, moved to PDS/COPYFIL$
2023-08-06 02:52:55.020941 - Found COPYFIL#.txt (text/plain) in CBT.V505.FILE316.PDS, moved to PDS/COPYFIL#
2023-08-06 02:52:55.021982 - Found COPYFILE.txt (text/plain) in CBT.V505.FILE316.PDS, moved to PDS/COPYFILE
2023-08-06 02:52:55.023014 - Found COPYFILO.txt (text/plain) in CBT.V505.FILE316.PDS, moved to PDS/COPYFILO
2023-08-06 02:52:55.024034 - Found COPYFILP.txt (text/plain) in CBT.V505.FILE316.PDS, moved to PDS/COPYFILP
2023-08-06 02:52:55.025000 - Found COPYNL##.txt (text/plain) in CBT.V505.FILE316.PDS, moved to PDS/COPYNL##
2023-08-06 02:52:55.025988 - Found COPYNLN#.txt (text/plain) in CBT.V505.FILE316.PDS, moved to PDS/COPYNLN#
2023-08-06 02:52:55.026942 - Found COPYNLNL.txt (text/plain) in CBT.V505.FILE316.PDS, moved to PDS/COPYNLNL
2023-08-06 02:52:55.027886 - Found COPYNLNO.txt (text/plain) in CBT.V505.FILE316.PDS, moved to PDS/COPYNLNO
2023-08-06 02:52:55.028842 - Found COPYNLNP.txt (text/plain) in CBT.V505.FILE316.PDS, moved to PDS/COPYNLNP
2023-08-06 02:52:55.029959 - Found COPYREC.txt (text/plain) in CBT.V505.FILE316.PDS, moved to PDS/COPYREC
2023-08-06 02:52:55.030871 - Found COPYREC$.txt (text/plain) in CBT.V505.FILE316.PDS, moved to PDS/COPYREC$
2023-08-06 02:52:55.031863 - Found COPYSL##.txt (text/plain) in CBT.V505.FILE316.PDS, moved to PDS/COPYSL##
2023-08-06 02:52:55.032727 - Found COPYSLN$.jcl (text/plain) in CBT.V505.FILE316.PDS, moved to PDS/COPYSLN$
2023-08-06 02:52:55.033711 - Found COPYSLN#.txt (text/plain) in CBT.V505.FILE316.PDS, moved to PDS/COPYSLN#
2023-08-06 02:52:55.034678 - Found COPYSLN@.jcl (text/plain) in CBT.V505.FILE316.PDS, moved to PDS/COPYSLN@
2023-08-06 02:52:55.035722 - Found COPYSLNL.txt (text/plain) in CBT.V505.FILE316.PDS, moved to PDS/COPYSLNL
2023-08-06 02:52:55.036770 - Found COPYSLNO.txt (text/plain) in CBT.V505.FILE316.PDS, moved to PDS/COPYSLNO
2023-08-06 02:52:55.037687 - Found COPYSLNP.txt (text/plain) in CBT.V505.FILE316.PDS, moved to PDS/COPYSLNP
2023-08-06 02:52:55.038626 - Found CT.txt (text/plain) in CBT.V505.FILE316.PDS, moved to PDS/CT
2023-08-06 02:52:55.039565 - Found CT$.txt (text/plain) in CBT.V505.FILE316.PDS, moved to PDS/CT$
2023-08-06 02:52:55.040461 - Found C3PO.txt (text/plain) in CBT.V505.FILE316.PDS, moved to PDS/C3PO
2023-08-06 02:52:55.041389 - Found C3PO2.txt (text/plain) in CBT.V505.FILE316.PDS, moved to PDS/C3PO2
2023-08-06 02:52:55.042402 - Found DELINK0.txt (text/plain) in CBT.V505.FILE316.PDS, moved to PDS/DELINK0
2023-08-06 02:52:55.043369 - Found DELINK0$.txt (text/plain) in CBT.V505.FILE316.PDS, moved to PDS/DELINK0$
2023-08-06 02:52:55.044286 - Found DISKMAP.txt (text/plain) in CBT.V505.FILE316.PDS, moved to PDS/DISKMAP
2023-08-06 02:52:55.045186 - Found DISKMAP$.txt (text/plain) in CBT.V505.FILE316.PDS, moved to PDS/DISKMAP$
2023-08-06 02:52:55.046056 - Found DOWEGO.txt (text/plain) in CBT.V505.FILE316.PDS, moved to PDS/DOWEGO
2023-08-06 02:52:55.046940 - Found DOWEGO$.txt (text/plain) in CBT.V505.FILE316.PDS, moved to PDS/DOWEGO$
2023-08-06 02:52:55.047832 - Found EALSD09$.txt (text/plain) in CBT.V505.FILE316.PDS, moved to PDS/EALSD09$
2023-08-06 02:52:55.048783 - Found EALSD095.txt (text/plain) in CBT.V505.FILE316.PDS, moved to PDS/EALSD095
2023-08-06 02:52:55.049686 - Found ENFORCE.txt (text/plain) in CBT.V505.FILE316.PDS, moved to PDS/ENFORCE
2023-08-06 02:52:55.050659 - Found EXCPMOD.jcl (text/plain) in CBT.V505.FILE316.PDS, moved to PDS/EXCPMOD
2023-08-06 02:52:55.051586 - Found EXIMPOR$.txt (text/plain) in CBT.V505.FILE316.PDS, moved to PDS/EXIMPOR$
2023-08-06 02:52:55.052533 - Found EXIMPORT.txt (text/plain) in CBT.V505.FILE316.PDS, moved to PDS/EXIMPORT
2023-08-06 02:52:55.053515 - Found EXIT002.txt (text/plain) in CBT.V505.FILE316.PDS, moved to PDS/EXIT002
2023-08-06 02:52:55.054418 - Found EXIT006.txt (text/plain) in CBT.V505.FILE316.PDS, moved to PDS/EXIT006
2023-08-06 02:52:55.055388 - Found FCBLIST.txt (text/plain) in CBT.V505.FILE316.PDS, moved to PDS/FCBLIST
2023-08-06 02:52:55.056229 - Found FCBLIST$.txt (text/plain) in CBT.V505.FILE316.PDS, moved to PDS/FCBLIST$
2023-08-06 02:52:55.057082 - Found FCBLIST@.txt (text/plain) in CBT.V505.FILE316.PDS, moved to PDS/FCBLIST@
2023-08-06 02:52:55.057967 - Found FCBLISTO.txt (text/plain) in CBT.V505.FILE316.PDS, moved to PDS/FCBLISTO
2023-08-06 02:52:55.058912 - Found FFYCOPY.txt (text/plain) in CBT.V505.FILE316.PDS, moved to PDS/FFYCOPY
2023-08-06 02:52:55.059748 - Found FFYCOPY$.jcl (text/plain) in CBT.V505.FILE316.PDS, moved to PDS/FFYCOPY$
2023-08-06 02:52:55.060554 - Found FFYCOPYO.txt (text/plain) in CBT.V505.FILE316.PDS, moved to PDS/FFYCOPYO
2023-08-06 02:52:55.061369 - Found FINDAZA$.txt (text/plain) in CBT.V505.FILE316.PDS, moved to PDS/FINDAZA$
2023-08-06 02:52:55.062382 - Found FINDAZAP.txt (text/plain) in CBT.V505.FILE316.PDS, moved to PDS/FINDAZAP
2023-08-06 02:52:55.063401 - Found GETDATE.txt (text/plain) in CBT.V505.FILE316.PDS, moved to PDS/GETDATE
2023-08-06 02:52:55.064535 - Found GETDATE$.txt (text/plain) in CBT.V505.FILE316.PDS, moved to PDS/GETDATE$
2023-08-06 02:52:55.065542 - Found IDATE.txt (text/plain) in CBT.V505.FILE316.PDS, moved to PDS/IDATE
2023-08-06 02:52:55.066473 - Found IDATE$.txt (text/plain) in CBT.V505.FILE316.PDS, moved to PDS/IDATE$
2023-08-06 02:52:55.067571 - Found IEECVXI$.jcl (text/plain) in CBT.V505.FILE316.PDS, moved to PDS/IEECVXI$
2023-08-06 02:52:55.068781 - Found IEECVXIT.txt (text/plain) in CBT.V505.FILE316.PDS, moved to PDS/IEECVXIT
2023-08-06 02:52:55.069800 - Found IEFUJI.txt (text/plain) in CBT.V505.FILE316.PDS, moved to PDS/IEFUJI
2023-08-06 02:52:55.070678 - Found IEFUJI$.txt (text/plain) in CBT.V505.FILE316.PDS, moved to PDS/IEFUJI$
2023-08-06 02:52:55.071598 - Found IEFUTL.txt (text/plain) in CBT.V505.FILE316.PDS, moved to PDS/IEFUTL
2023-08-06 02:52:55.072540 - Found IEFUTL$.txt (text/plain) in CBT.V505.FILE316.PDS, moved to PDS/IEFUTL$
2023-08-06 02:52:55.073532 - Found IEFU29.txt (text/plain) in CBT.V505.FILE316.PDS, moved to PDS/IEFU29
2023-08-06 02:52:55.074453 - Found IEFU29$.txt (text/plain) in CBT.V505.FILE316.PDS, moved to PDS/IEFU29$
2023-08-06 02:52:55.075391 - Found IEFU83.txt (text/plain) in CBT.V505.FILE316.PDS, moved to PDS/IEFU83
2023-08-06 02:52:55.076298 - Found IEFU83$.txt (text/plain) in CBT.V505.FILE316.PDS, moved to PDS/IEFU83$
2023-08-06 02:52:55.077235 - Found IGG019W$.txt (text/plain) in CBT.V505.FILE316.PDS, moved to PDS/IGG019W$
2023-08-06 02:52:55.078178 - Found IGG019WD.txt (text/plain) in CBT.V505.FILE316.PDS, moved to PDS/IGG019WD
2023-08-06 02:52:55.079043 - Found IGG019WE.txt (text/plain) in CBT.V505.FILE316.PDS, moved to PDS/IGG019WE
2023-08-06 02:52:55.080008 - Found INCORZAP.txt (text/plain) in CBT.V505.FILE316.PDS, moved to PDS/INCORZAP
2023-08-06 02:52:55.080899 - Found INCORZZP.txt (text/plain) in CBT.V505.FILE316.PDS, moved to PDS/INCORZZP
2023-08-06 02:52:55.081839 - Found IPOUPDTE.txt (text/plain) in CBT.V505.FILE316.PDS, moved to PDS/IPOUPDTE
2023-08-06 02:52:55.082736 - Found JESXRDR.txt (text/plain) in CBT.V505.FILE316.PDS, moved to PDS/JESXRDR
2023-08-06 02:52:55.083643 - Found JES0001.txt (text/plain) in CBT.V505.FILE316.PDS, moved to PDS/JES0001
2023-08-06 02:52:55.084574 - Found JOBCARD.txt (text/plain) in CBT.V505.FILE316.PDS, moved to PDS/JOBCARD
2023-08-06 02:52:55.085452 - Found JOBCARD$.txt (text/plain) in CBT.V505.FILE316.PDS, moved to PDS/JOBCARD$
2023-08-06 02:52:55.086440 - Found J13X1.txt (text/plain) in CBT.V505.FILE316.PDS, moved to PDS/J13X1
2023-08-06 02:52:55.087376 - Found J13X1ACT.txt (text/plain) in CBT.V505.FILE316.PDS, moved to PDS/J13X1ACT
2023-08-06 02:52:55.088201 - Found J13X1TBL.txt (text/plain) in CBT.V505.FILE316.PDS, moved to PDS/J13X1TBL
2023-08-06 02:52:55.089011 - Found J13X1XF.txt (text/plain) in CBT.V505.FILE316.PDS, moved to PDS/J13X1XF
2023-08-06 02:52:55.089931 - Found J13X10.txt (text/plain) in CBT.V505.FILE316.PDS, moved to PDS/J13X10
2023-08-06 02:52:55.090843 - Found J13X255.txt (text/plain) in CBT.V505.FILE316.PDS, moved to PDS/J13X255
2023-08-06 02:52:55.091687 - Found J13X3.txt (text/plain) in CBT.V505.FILE316.PDS, moved to PDS/J13X3
2023-08-06 02:52:55.092519 - Found J13X3PVS.txt (text/plain) in CBT.V505.FILE316.PDS, moved to PDS/J13X3PVS
2023-08-06 02:52:55.093445 - Found J13X4.txt (text/plain) in CBT.V505.FILE316.PDS, moved to PDS/J13X4
2023-08-06 02:52:55.094432 - Found LISPDS.txt (text/plain) in CBT.V505.FILE316.PDS, moved to PDS/LISPDS
2023-08-06 02:52:55.095371 - Found LISPDS$.jcl (text/plain) in CBT.V505.FILE316.PDS, moved to PDS/LISPDS$
2023-08-06 02:52:55.096403 - Found LISPDS1.txt (text/plain) in CBT.V505.FILE316.PDS, moved to PDS/LISPDS1
2023-08-06 02:52:55.097393 - Found LISTCTL$.txt (text/plain) in CBT.V505.FILE316.PDS, moved to PDS/LISTCTL$
2023-08-06 02:52:55.098431 - Found LISTCTLG.txt (text/plain) in CBT.V505.FILE316.PDS, moved to PDS/LISTCTLG
2023-08-06 02:52:55.099425 - Found LISTIDR.txt (text/plain) in CBT.V505.FILE316.PDS, moved to PDS/LISTIDR
2023-08-06 02:52:55.100412 - Found LISTIDR$.txt (text/plain) in CBT.V505.FILE316.PDS, moved to PDS/LISTIDR$
2023-08-06 02:52:55.101428 - Found LISTIDR#.jcl (text/plain) in CBT.V505.FILE316.PDS, moved to PDS/LISTIDR#
2023-08-06 02:52:55.102406 - Found LISTPDO.txt (text/plain) in CBT.V505.FILE316.PDS, moved to PDS/LISTPDO
2023-08-06 02:52:55.103466 - Found LISTPDO$.txt (text/plain) in CBT.V505.FILE316.PDS, moved to PDS/LISTPDO$
2023-08-06 02:52:55.104562 - Found LISTPDS.txt (text/plain) in CBT.V505.FILE316.PDS, moved to PDS/LISTPDS
2023-08-06 02:52:55.105495 - Found LISTPDS$.jcl (text/plain) in CBT.V505.FILE316.PDS, moved to PDS/LISTPDS$
2023-08-06 02:52:55.106439 - Found LISTPDS#.txt (text/plain) in CBT.V505.FILE316.PDS, moved to PDS/LISTPDS#
2023-08-06 02:52:55.107429 - Found LISTPDS1.txt (text/plain) in CBT.V505.FILE316.PDS, moved to PDS/LISTPDS1
2023-08-06 02:52:55.108366 - Found LISTPDS2.txt (text/plain) in CBT.V505.FILE316.PDS, moved to PDS/LISTPDS2
2023-08-06 02:52:55.109241 - Found LKEBOX1.txt (text/plain) in CBT.V505.FILE316.PDS, moved to PDS/LKEBOX1
2023-08-06 02:52:55.110207 - Found LKEDMOD.jcl (text/plain) in CBT.V505.FILE316.PDS, moved to PDS/LKEDMOD
2023-08-06 02:52:55.111081 - Found LKEDMOD1.jcl (text/plain) in CBT.V505.FILE316.PDS, moved to PDS/LKEDMOD1
2023-08-06 02:52:55.111926 - Found LKEDXEWL.jcl (text/plain) in CBT.V505.FILE316.PDS, moved to PDS/LKEDXEWL
2023-08-06 02:52:55.112772 - Found LKER90.txt (text/plain) in CBT.V505.FILE316.PDS, moved to PDS/LKER90
2023-08-06 02:52:55.113741 - Found LKER90$.txt (text/plain) in CBT.V505.FILE316.PDS, moved to PDS/LKER90$
2023-08-06 02:52:55.114655 - Found MACROS.txt (text/plain) in CBT.V505.FILE316.PDS, moved to PDS/MACROS
2023-08-06 02:52:55.114665 - Found MIM#3.bin containing application/octet-stream, moved to PDS/MIM#3
2023-08-06 02:52:55.116601 - Found MIM#3$.txt (text/plain) in CBT.V505.FILE316.PDS, moved to PDS/MIM#3$
2023-08-06 02:52:55.117636 - Found MIRROR.txt (text/plain) in CBT.V505.FILE316.PDS, moved to PDS/MIRROR
2023-08-06 02:52:55.118525 - Found MIRROR$.txt (text/plain) in CBT.V505.FILE316.PDS, moved to PDS/MIRROR$
2023-08-06 02:52:55.119510 - Found MODREP.txt (text/plain) in CBT.V505.FILE316.PDS, moved to PDS/MODREP
2023-08-06 02:52:55.120452 - Found MODREP$.txt (text/plain) in CBT.V505.FILE316.PDS, moved to PDS/MODREP$
2023-08-06 02:52:55.121439 - Found MSGWRITE.txt (text/plain) in CBT.V505.FILE316.PDS, moved to PDS/MSGWRITE
2023-08-06 02:52:55.122361 - Found MSSMOUNT.jcl (text/plain) in CBT.V505.FILE316.PDS, moved to PDS/MSSMOUNT
2023-08-06 02:52:55.123347 - Found OFFLOAD.txt (text/plain) in CBT.V505.FILE316.PDS, moved to PDS/OFFLOAD
2023-08-06 02:52:55.124267 - Found OFFLOAD$.jcl (text/plain) in CBT.V505.FILE316.PDS, moved to PDS/OFFLOAD$
2023-08-06 02:52:55.124276 - Found OFFLOADO.bin containing application/octet-stream, moved to PDS/OFFLOADO
2023-08-06 02:52:55.125283 - Found OFFLOAD1.bin containing application/octet-stream, moved to PDS/OFFLOAD1
2023-08-06 02:52:55.127201 - Found PACKED.txt (text/plain) in CBT.V505.FILE316.PDS, moved to PDS/PACKED
2023-08-06 02:52:55.128120 - Found PACKED$.jcl (text/plain) in CBT.V505.FILE316.PDS, moved to PDS/PACKED$
2023-08-06 02:52:55.129063 - Found PACKED#1.jcl (text/plain) in CBT.V505.FILE316.PDS, moved to PDS/PACKED#1
2023-08-06 02:52:55.130007 - Found PARMBLO$.txt (text/plain) in CBT.V505.FILE316.PDS, moved to PDS/PARMBLO$
2023-08-06 02:52:55.130961 - Found PARMBLOC.txt (text/plain) in CBT.V505.FILE316.PDS, moved to PDS/PARMBLOC
2023-08-06 02:52:55.131912 - Found PDSGAS.txt (text/plain) in CBT.V505.FILE316.PDS, moved to PDS/PDSGAS
2023-08-06 02:52:55.132822 - Found PDSGAS$.txt (text/plain) in CBT.V505.FILE316.PDS, moved to PDS/PDSGAS$
2023-08-06 02:52:55.134007 - Found PDSLOAD.txt (text/plain) in CBT.V505.FILE316.PDS, moved to PDS/PDSLOAD
2023-08-06 02:52:55.134930 - Found PDSLOAD$.jcl (text/plain) in CBT.V505.FILE316.PDS, moved to PDS/PDSLOAD$
2023-08-06 02:52:55.135904 - Found PDSLOADO.txt (text/plain) in CBT.V505.FILE316.PDS, moved to PDS/PDSLOADO
2023-08-06 02:52:55.136874 - Found PDSLOAO$.txt (text/plain) in CBT.V505.FILE316.PDS, moved to PDS/PDSLOAO$
2023-08-06 02:52:55.137948 - Found PDSLOA01.txt (text/plain) in CBT.V505.FILE316.PDS, moved to PDS/PDSLOA01
2023-08-06 02:52:55.138881 - Found PDSMATC$.jcl (text/plain) in CBT.V505.FILE316.PDS, moved to PDS/PDSMATC$
2023-08-06 02:52:55.139835 - Found PDSMATC#.jcl (text/plain) in CBT.V505.FILE316.PDS, moved to PDS/PDSMATC#
2023-08-06 02:52:55.140824 - Found PDSMATCH.txt (text/plain) in CBT.V505.FILE316.PDS, moved to PDS/PDSMATCH
2023-08-06 02:52:55.141763 - Found PDSMATCO.txt (text/plain) in CBT.V505.FILE316.PDS, moved to PDS/PDSMATCO
2023-08-06 02:52:55.142629 - Found PDSMATO$.txt (text/plain) in CBT.V505.FILE316.PDS, moved to PDS/PDSMATO$
2023-08-06 02:52:55.143541 - Found PDSPRIN$.txt (text/plain) in CBT.V505.FILE316.PDS, moved to PDS/PDSPRIN$
2023-08-06 02:52:55.144470 - Found PDSPRINT.txt (text/plain) in CBT.V505.FILE316.PDS, moved to PDS/PDSPRINT
2023-08-06 02:52:55.145414 - Found PDSPROG$.txt (text/plain) in CBT.V505.FILE316.PDS, moved to PDS/PDSPROG$
2023-08-06 02:52:55.146374 - Found PDSPROGM.txt (text/plain) in CBT.V505.FILE316.PDS, moved to PDS/PDSPROGM
2023-08-06 02:52:55.147349 - Found PDSTEST.txt (text/plain) in CBT.V505.FILE316.PDS, moved to PDS/PDSTEST
2023-08-06 02:52:55.148281 - Found PDSTEST$.txt (text/plain) in CBT.V505.FILE316.PDS, moved to PDS/PDSTEST$
2023-08-06 02:52:55.149259 - Found PDSUTIL.txt (text/plain) in CBT.V505.FILE316.PDS, moved to PDS/PDSUTIL
2023-08-06 02:52:55.150157 - Found PDSUTIL$.txt (text/plain) in CBT.V505.FILE316.PDS, moved to PDS/PDSUTIL$
2023-08-06 02:52:55.151034 - Found PVSCHEK.txt (text/plain) in CBT.V505.FILE316.PDS, moved to PDS/PVSCHEK
2023-08-06 02:52:55.151950 - Found PVSCHEK$.txt (text/plain) in CBT.V505.FILE316.PDS, moved to PDS/PVSCHEK$
2023-08-06 02:52:55.152871 - Found PVSTABLS.txt (text/plain) in CBT.V505.FILE316.PDS, moved to PDS/PVSTABLS
2023-08-06 02:52:55.153829 - Found P38BOX1.txt (text/plain) in CBT.V505.FILE316.PDS, moved to PDS/P38BOX1
2023-08-06 02:52:55.154777 - Found P38TURN.txt (text/plain) in CBT.V505.FILE316.PDS, moved to PDS/P38TURN
2023-08-06 02:52:55.155623 - Found P38TXR0.txt (text/plain) in CBT.V505.FILE316.PDS, moved to PDS/P38TXR0
2023-08-06 02:52:55.156559 - Found P38TXR0$.txt (text/plain) in CBT.V505.FILE316.PDS, moved to PDS/P38TXR0$
2023-08-06 02:52:55.157558 - Found P38TXR1.txt (text/plain) in CBT.V505.FILE316.PDS, moved to PDS/P38TXR1
2023-08-06 02:52:55.158458 - Found P38TXR1$.jcl (text/plain) in CBT.V505.FILE316.PDS, moved to PDS/P38TXR1$
2023-08-06 02:52:55.159391 - Found RACHECK.txt (text/plain) in CBT.V505.FILE316.PDS, moved to PDS/RACHECK
2023-08-06 02:52:55.160315 - Found RACHECK$.txt (text/plain) in CBT.V505.FILE316.PDS, moved to PDS/RACHECK$
2023-08-06 02:52:55.161214 - Found READF.txt (text/plain) in CBT.V505.FILE316.PDS, moved to PDS/READF
2023-08-06 02:52:55.162149 - Found READF$.txt (text/plain) in CBT.V505.FILE316.PDS, moved to PDS/READF$
2023-08-06 02:52:55.163010 - Found RENDS.txt (text/plain) in CBT.V505.FILE316.PDS, moved to PDS/RENDS
2023-08-06 02:52:55.163810 - Found RENDS$.jcl (text/plain) in CBT.V505.FILE316.PDS, moved to PDS/RENDS$
2023-08-06 02:52:55.164710 - Found RESETU.txt (text/plain) in CBT.V505.FILE316.PDS, moved to PDS/RESETU
2023-08-06 02:52:55.165678 - Found RESETU$.jcl (text/plain) in CBT.V505.FILE316.PDS, moved to PDS/RESETU$
2023-08-06 02:52:55.166645 - Found ROTATER.txt (text/plain) in CBT.V505.FILE316.PDS, moved to PDS/ROTATER
2023-08-06 02:52:55.167568 - Found SEEKMON.txt (text/plain) in CBT.V505.FILE316.PDS, moved to PDS/SEEKMON
2023-08-06 02:52:55.168366 - Found SEEKMON$.txt (text/plain) in CBT.V505.FILE316.PDS, moved to PDS/SEEKMON$
2023-08-06 02:52:55.169214 - Found SETINIT.txt (text/plain) in CBT.V505.FILE316.PDS, moved to PDS/SETINIT
2023-08-06 02:52:55.170065 - Found SETINIT$.txt (text/plain) in CBT.V505.FILE316.PDS, moved to PDS/SETINIT$
2023-08-06 02:52:55.171045 - Found SMFDATE.txt (text/plain) in CBT.V505.FILE316.PDS, moved to PDS/SMFDATE
2023-08-06 02:52:55.171939 - Found SMFDATE$.txt (text/plain) in CBT.V505.FILE316.PDS, moved to PDS/SMFDATE$
2023-08-06 02:52:55.172751 - Found SMFWRT.txt (text/plain) in CBT.V505.FILE316.PDS, moved to PDS/SMFWRT
2023-08-06 02:52:55.173693 - Found SMFXTRK.txt (text/plain) in CBT.V505.FILE316.PDS, moved to PDS/SMFXTRK
2023-08-06 02:52:55.174656 - Found SMFXTRK$.txt (text/plain) in CBT.V505.FILE316.PDS, moved to PDS/SMFXTRK$
2023-08-06 02:52:55.175607 - Found SMF21RP.txt (text/plain) in CBT.V505.FILE316.PDS, moved to PDS/SMF21RP
2023-08-06 02:52:55.176522 - Found SMF21RP$.txt (text/plain) in CBT.V505.FILE316.PDS, moved to PDS/SMF21RP$
2023-08-06 02:52:55.177493 - Found SMF48RP.txt (text/plain) in CBT.V505.FILE316.PDS, moved to PDS/SMF48RP
2023-08-06 02:52:55.178419 - Found SMF48RP$.txt (text/plain) in CBT.V505.FILE316.PDS, moved to PDS/SMF48RP$
2023-08-06 02:52:55.179403 - Found SMF50RP.txt (text/plain) in CBT.V505.FILE316.PDS, moved to PDS/SMF50RP
2023-08-06 02:52:55.180344 - Found SMF53RP.txt (text/plain) in CBT.V505.FILE316.PDS, moved to PDS/SMF53RP
2023-08-06 02:52:55.181320 - Found SMF53RP$.txt (text/plain) in CBT.V505.FILE316.PDS, moved to PDS/SMF53RP$
2023-08-06 02:52:55.182259 - Found SMF71FP.txt (text/plain) in CBT.V505.FILE316.PDS, moved to PDS/SMF71FP
2023-08-06 02:52:55.183248 - Found SMF71FP$.txt (text/plain) in CBT.V505.FILE316.PDS, moved to PDS/SMF71FP$
2023-08-06 02:52:55.184177 - Found SMF71FR.txt (text/plain) in CBT.V505.FILE316.PDS, moved to PDS/SMF71FR
2023-08-06 02:52:55.185152 - Found SMF71FR$.txt (text/plain) in CBT.V505.FILE316.PDS, moved to PDS/SMF71FR$
2023-08-06 02:52:55.186309 - Found SMF71LF.txt (text/plain) in CBT.V505.FILE316.PDS, moved to PDS/SMF71LF
2023-08-06 02:52:55.187283 - Found SMF71LF$.txt (text/plain) in CBT.V505.FILE316.PDS, moved to PDS/SMF71LF$
2023-08-06 02:52:55.188199 - Found SMF71LP.txt (text/plain) in CBT.V505.FILE316.PDS, moved to PDS/SMF71LP
2023-08-06 02:52:55.189116 - Found SMF71LP$.txt (text/plain) in CBT.V505.FILE316.PDS, moved to PDS/SMF71LP$
2023-08-06 02:52:55.190024 - Found SMF71PN.txt (text/plain) in CBT.V505.FILE316.PDS, moved to PDS/SMF71PN
2023-08-06 02:52:55.190922 - Found SMF71PN$.txt (text/plain) in CBT.V505.FILE316.PDS, moved to PDS/SMF71PN$
2023-08-06 02:52:55.191909 - Found SMF71UP.txt (text/plain) in CBT.V505.FILE316.PDS, moved to PDS/SMF71UP
2023-08-06 02:52:55.192831 - Found SMF71UP$.txt (text/plain) in CBT.V505.FILE316.PDS, moved to PDS/SMF71UP$
2023-08-06 02:52:55.193808 - Found SMF71VP.txt (text/plain) in CBT.V505.FILE316.PDS, moved to PDS/SMF71VP
2023-08-06 02:52:55.194787 - Found SMF71VP$.txt (text/plain) in CBT.V505.FILE316.PDS, moved to PDS/SMF71VP$
2023-08-06 02:52:55.195792 - Found SMF71XF.txt (text/plain) in CBT.V505.FILE316.PDS, moved to PDS/SMF71XF
2023-08-06 02:52:55.196665 - Found SMF71XF$.txt (text/plain) in CBT.V505.FILE316.PDS, moved to PDS/SMF71XF$
2023-08-06 02:52:55.197742 - Found SMF72RP.txt (text/plain) in CBT.V505.FILE316.PDS, moved to PDS/SMF72RP
2023-08-06 02:52:55.198613 - Found SMF72RP$.txt (text/plain) in CBT.V505.FILE316.PDS, moved to PDS/SMF72RP$
2023-08-06 02:52:55.199444 - Found SMPERS4.txt (text/plain) in CBT.V505.FILE316.PDS, moved to PDS/SMPERS4
2023-08-06 02:52:55.200259 - Found SMPERS4$.txt (text/plain) in CBT.V505.FILE316.PDS, moved to PDS/SMPERS4$
2023-08-06 02:52:55.201160 - Found SMPERS5.txt (text/plain) in CBT.V505.FILE316.PDS, moved to PDS/SMPERS5
2023-08-06 02:52:55.202027 - Found SMPERS5$.txt (text/plain) in CBT.V505.FILE316.PDS, moved to PDS/SMPERS5$
2023-08-06 02:52:55.202884 - Found SMPER5A.txt (text/plain) in CBT.V505.FILE316.PDS, moved to PDS/SMPER5A
2023-08-06 02:52:55.203714 - Found SMPER5A$.txt (text/plain) in CBT.V505.FILE316.PDS, moved to PDS/SMPER5A$
2023-08-06 02:52:55.204543 - Found SMPER5A#.txt (text/plain) in CBT.V505.FILE316.PDS, moved to PDS/SMPER5A#
2023-08-06 02:52:55.205492 - Found SPANCOP$.txt (text/plain) in CBT.V505.FILE316.PDS, moved to PDS/SPANCOP$
2023-08-06 02:52:55.206392 - Found SPANCOPY.txt (text/plain) in CBT.V505.FILE316.PDS, moved to PDS/SPANCOPY
2023-08-06 02:52:55.207316 - Found SQBLNK.txt (text/plain) in CBT.V505.FILE316.PDS, moved to PDS/SQBLNK
2023-08-06 02:52:55.208252 - Found STAE$XIT.txt (text/plain) in CBT.V505.FILE316.PDS, moved to PDS/STAE$XIT
2023-08-06 02:52:55.209194 - Found STRMACS.txt (text/plain) in CBT.V505.FILE316.PDS, moved to PDS/STRMACS
2023-08-06 02:52:55.210210 - Found SYSLOG.txt (text/plain) in CBT.V505.FILE316.PDS, moved to PDS/SYSLOG
2023-08-06 02:52:55.211164 - Found SYSLOG$.txt (text/plain) in CBT.V505.FILE316.PDS, moved to PDS/SYSLOG$
2023-08-06 02:52:55.212114 - Found SYSREPR$.txt (text/plain) in CBT.V505.FILE316.PDS, moved to PDS/SYSREPR$
2023-08-06 02:52:55.213035 - Found SYSREPRO.txt (text/plain) in CBT.V505.FILE316.PDS, moved to PDS/SYSREPRO
2023-08-06 02:52:55.213949 - Found TANAL.txt (text/plain) in CBT.V505.FILE316.PDS, moved to PDS/TANAL
2023-08-06 02:52:55.214876 - Found TANAL$.txt (text/plain) in CBT.V505.FILE316.PDS, moved to PDS/TANAL$
2023-08-06 02:52:55.215808 - Found TAPEL.txt (text/plain) in CBT.V505.FILE316.PDS, moved to PDS/TAPEL
2023-08-06 02:52:55.216699 - Found TAPEL$.jcl (text/plain) in CBT.V505.FILE316.PDS, moved to PDS/TAPEL$
2023-08-06 02:52:55.217667 - Found TAPELZAP.jcl (text/plain) in CBT.V505.FILE316.PDS, moved to PDS/TAPELZAP
2023-08-06 02:52:55.218631 - Found TAPEMAP.txt (text/plain) in CBT.V505.FILE316.PDS, moved to PDS/TAPEMAP
2023-08-06 02:52:55.219593 - Found TAPEMAP$.txt (text/plain) in CBT.V505.FILE316.PDS, moved to PDS/TAPEMAP$
2023-08-06 02:52:55.220596 - Found TAPESCAN.txt (text/plain) in CBT.V505.FILE316.PDS, moved to PDS/TAPESCAN
2023-08-06 02:52:55.221576 - Found TAPESC44.txt (text/plain) in CBT.V505.FILE316.PDS, moved to PDS/TAPESC44
2023-08-06 02:52:55.222669 - Found TIDY.txt (text/plain) in CBT.V505.FILE316.PDS, moved to PDS/TIDY
2023-08-06 02:52:55.223698 - Found TIDYASM.txt (text/plain) in CBT.V505.FILE316.PDS, moved to PDS/TIDYASM
2023-08-06 02:52:55.224595 - Found TIDYASM$.txt (text/plain) in CBT.V505.FILE316.PDS, moved to PDS/TIDYASM$
2023-08-06 02:52:55.225642 - Found TLABEL.txt (text/plain) in CBT.V505.FILE316.PDS, moved to PDS/TLABEL
2023-08-06 02:52:55.226640 - Found TLABEL$.txt (text/plain) in CBT.V505.FILE316.PDS, moved to PDS/TLABEL$
2023-08-06 02:52:55.227584 - Found TLPRINT.txt (text/plain) in CBT.V505.FILE316.PDS, moved to PDS/TLPRINT
2023-08-06 02:52:55.228458 - Found TLPRINT$.txt (text/plain) in CBT.V505.FILE316.PDS, moved to PDS/TLPRINT$
2023-08-06 02:52:55.229341 - Found TMSLABL.txt (text/plain) in CBT.V505.FILE316.PDS, moved to PDS/TMSLABL
2023-08-06 02:52:55.230340 - Found TMSLABL$.txt (text/plain) in CBT.V505.FILE316.PDS, moved to PDS/TMSLABL$
2023-08-06 02:52:55.231303 - Found TOD.txt (text/plain) in CBT.V505.FILE316.PDS, moved to PDS/TOD
2023-08-06 02:52:55.232149 - Found TOD$.jcl (text/plain) in CBT.V505.FILE316.PDS, moved to PDS/TOD$
2023-08-06 02:52:55.232997 - Found TOD$O.txt (text/plain) in CBT.V505.FILE316.PDS, moved to PDS/TOD$O
2023-08-06 02:52:55.233830 - Found TODCNVR$.txt (text/plain) in CBT.V505.FILE316.PDS, moved to PDS/TODCNVR$
2023-08-06 02:52:55.234709 - Found TODCNVRT.txt (text/plain) in CBT.V505.FILE316.PDS, moved to PDS/TODCNVRT
2023-08-06 02:52:55.235636 - Found TOD01.txt (text/plain) in CBT.V505.FILE316.PDS, moved to PDS/TOD01
2023-08-06 02:52:55.236511 - Found UADL.txt (text/plain) in CBT.V505.FILE316.PDS, moved to PDS/UADL
2023-08-06 02:52:55.237404 - Found UADLIN#0.txt (text/plain) in CBT.V505.FILE316.PDS, moved to PDS/UADLIN#0
2023-08-06 02:52:55.238391 - Found UADLIN#1.txt (text/plain) in CBT.V505.FILE316.PDS, moved to PDS/UADLIN#1
2023-08-06 02:52:55.239269 - Found UADLIN#2.txt (text/plain) in CBT.V505.FILE316.PDS, moved to PDS/UADLIN#2
2023-08-06 02:52:55.240140 - Found UADLIST.txt (text/plain) in CBT.V505.FILE316.PDS, moved to PDS/UADLIST
2023-08-06 02:52:55.241016 - Found UADLIST$.jcl (text/plain) in CBT.V505.FILE316.PDS, moved to PDS/UADLIST$
2023-08-06 02:52:55.242044 - Found UADLISTO.txt (text/plain) in CBT.V505.FILE316.PDS, moved to PDS/UADLISTO
2023-08-06 02:52:55.242963 - Found UADLIST1.jcl (text/plain) in CBT.V505.FILE316.PDS, moved to PDS/UADLIST1
2023-08-06 02:52:55.243974 - Found UADLIS01.txt (text/plain) in CBT.V505.FILE316.PDS, moved to PDS/UADLIS01
2023-08-06 02:52:55.244866 - Found UADSORT.txt (text/plain) in CBT.V505.FILE316.PDS, moved to PDS/UADSORT
2023-08-06 02:52:55.245787 - Found UADSORT$.jcl (text/plain) in CBT.V505.FILE316.PDS, moved to PDS/UADSORT$
2023-08-06 02:52:55.246730 - Found UADSORTO.txt (text/plain) in CBT.V505.FILE316.PDS, moved to PDS/UADSORTO
2023-08-06 02:52:55.247739 - Found UNIVERT.txt (text/plain) in CBT.V505.FILE316.PDS, moved to PDS/UNIVERT
2023-08-06 02:52:55.248669 - Found UNIVERT$.txt (text/plain) in CBT.V505.FILE316.PDS, moved to PDS/UNIVERT$
2023-08-06 02:52:55.249973 - Found USRGUIDE.txt (text/plain) in CBT.V505.FILE316.PDS, moved to PDS/USRGUIDE
2023-08-06 02:52:55.250892 - Found VBSFIX.txt (text/plain) in CBT.V505.FILE316.PDS, moved to PDS/VBSFIX
2023-08-06 02:52:55.251838 - Found VBSFIX$.txt (text/plain) in CBT.V505.FILE316.PDS, moved to PDS/VBSFIX$
2023-08-06 02:52:55.252710 - Found VIOEXIT.txt (text/plain) in CBT.V505.FILE316.PDS, moved to PDS/VIOEXIT
2023-08-06 02:52:55.253617 - Found VIOEXIT$.txt (text/plain) in CBT.V505.FILE316.PDS, moved to PDS/VIOEXIT$
2023-08-06 02:52:55.254654 - Found VKILLER.txt (text/plain) in CBT.V505.FILE316.PDS, moved to PDS/VKILLER
2023-08-06 02:52:55.255789 - Found VKILLER$.txt (text/plain) in CBT.V505.FILE316.PDS, moved to PDS/VKILLER$
2023-08-06 02:52:55.256891 - Found ZDUMPTP.txt (text/plain) in CBT.V505.FILE316.PDS, moved to PDS/ZDUMPTP
2023-08-06 02:52:55.257854 - Found ZDUMPTP$.txt (text/plain) in CBT.V505.FILE316.PDS, moved to PDS/ZDUMPTP$
2023-08-06 02:52:55.259001 - Found ZEBCOMPR.jcl (text/plain) in CBT.V505.FILE316.PDS, moved to PDS/ZEBCOMPR
2023-08-06 02:52:55.260054 - Found ZEBCOMP1.txt (text/plain) in CBT.V505.FILE316.PDS, moved to PDS/ZEBCOMP1
2023-08-06 02:52:55.261083 - Found ZMSG.txt (text/plain) in CBT.V505.FILE316.PDS, moved to PDS/ZMSG
2023-08-06 02:52:55.262036 - Found ZMSG$.txt (text/plain) in CBT.V505.FILE316.PDS, moved to PDS/ZMSG$
2023-08-06 02:52:55.262955 - Found ZTSECUR$.txt (text/plain) in CBT.V505.FILE316.PDS, moved to PDS/ZTSECUR$
2023-08-06 02:52:55.263884 - Found ZTSECURE.txt (text/plain) in CBT.V505.FILE316.PDS, moved to PDS/ZTSECURE
